INFO:root:Ejecutando script...
2023-11-07 16:32:07,158 - INFO - Ejecutando script...
INFO:root:Ejecutando script...
2023-11-07 16:32:11,856 - INFO - Ejecutando script...
INFO:root:Ejecutando script...
2023-11-07 16:32:39,988 - INFO - Ejecutando script...
ERROR:root:respuesta: <Response [200]>
2023-11-07 16:32:40,086 - ERROR - respuesta: <Response [200]>
INFO:root:Ejecutando script...
2023-11-07 16:33:04,255 - INFO - Ejecutando script...
ERROR:root:Error al hacer la solicitud:
Traceback (most recent call last):
  File "C:\KAFKAConsumersPY\consumersmonit.py", line 26, in get_consumer_groups
    logging.info(f"respuesta: {response.data}")
AttributeError: 'Response' object has no attribute 'data'
2023-11-07 16:33:04,366 - ERROR - Error al hacer la solicitud:
Traceback (most recent call last):
  File "C:\KAFKAConsumersPY\consumersmonit.py", line 26, in get_consumer_groups
    logging.info(f"respuesta: {response.data}")
AttributeError: 'Response' object has no attribute 'data'
INFO:root:Ejecutando script...
2023-11-07 16:33:37,899 - INFO - Ejecutando script...
INFO:root:respuesta: <bound method Response.json of <Response [200]>>
2023-11-07 16:33:38,019 - INFO - respuesta: <bound method Response.json of <Response [200]>>
INFO:root:Ejecutando script...
2023-11-07 16:33:39,035 - INFO - Ejecutando script...
INFO:root:respuesta: <bound method Response.json of <Response [200]>>
2023-11-07 16:33:39,140 - INFO - respuesta: <bound method Response.json of <Response [200]>>
INFO:root:Ejecutando script...
2023-11-07 16:34:59,812 - INFO - Ejecutando script...
ERROR:root:Error al hacer la solicitud:
Traceback (most recent call last):
  File "C:\KAFKAConsumersPY\consumersmonit.py", line 26, in get_consumer_groups
    logging.info({response.json()["consumersGroups"]})
KeyError: 'consumersGroups'
2023-11-07 16:34:59,920 - ERROR - Error al hacer la solicitud:
Traceback (most recent call last):
  File "C:\KAFKAConsumersPY\consumersmonit.py", line 26, in get_consumer_groups
    logging.info({response.json()["consumersGroups"]})
KeyError: 'consumersGroups'
INFO:root:Ejecutando script...
2023-11-07 16:35:03,120 - INFO - Ejecutando script...
ERROR:root:Error al hacer la solicitud:
Traceback (most recent call last):
  File "C:\KAFKAConsumersPY\consumersmonit.py", line 26, in get_consumer_groups
    logging.info({response.json()["consumersGroups"]})
KeyError: 'consumersGroups'
2023-11-07 16:35:03,231 - ERROR - Error al hacer la solicitud:
Traceback (most recent call last):
  File "C:\KAFKAConsumersPY\consumersmonit.py", line 26, in get_consumer_groups
    logging.info({response.json()["consumersGroups"]})
KeyError: 'consumersGroups'
INFO:root:Ejecutando script...
2023-11-07 16:35:18,782 - INFO - Ejecutando script...
ERROR:root:Error al hacer la solicitud:
Traceback (most recent call last):
  File "C:\KAFKAConsumersPY\consumersmonit.py", line 26, in get_consumer_groups
    logging.info({response.json()["consumersGroups"]})
KeyError: 'consumersGroups'
2023-11-07 16:35:18,879 - ERROR - Error al hacer la solicitud:
Traceback (most recent call last):
  File "C:\KAFKAConsumersPY\consumersmonit.py", line 26, in get_consumer_groups
    logging.info({response.json()["consumersGroups"]})
KeyError: 'consumersGroups'
INFO:root:Ejecutando script...
2023-11-07 16:35:26,816 - INFO - Ejecutando script...
INFO:root:Ejecutando script...
2023-11-07 16:35:28,102 - INFO - Ejecutando script...
INFO:root:Ejecutando script...
2023-11-07 16:35:47,498 - INFO - Ejecutando script...
ERROR:root:Error al hacer la solicitud:
Traceback (most recent call last):
  File "C:\KAFKAConsumersPY\consumersmonit.py", line 26, in get_consumer_groups
    logging.info(response.json()["consumersGroups"])
KeyError: 'consumersGroups'
2023-11-07 16:35:47,589 - ERROR - Error al hacer la solicitud:
Traceback (most recent call last):
  File "C:\KAFKAConsumersPY\consumersmonit.py", line 26, in get_consumer_groups
    logging.info(response.json()["consumersGroups"])
KeyError: 'consumersGroups'
INFO:root:Ejecutando script...
2023-11-07 16:36:02,643 - INFO - Ejecutando script...
INFO:root:[{'inherit': 'ConsumerGroupDTO', 'groupId': 'huaweiGroup', 'members': 10, 'topics': 1, 'simple': False, 'partitionAssignor': 'range', 'state': 'STABLE', 'coordinator': {'id': 1, 'host': 'kafka-1', 'port': 9092, 'bytesInPerSec': None, 'bytesOutPerSec': None, 'partitionsLeader': None, 'partitions': None, 'inSyncPartitions': None, 'partitionsSkew': None, 'leadersSkew': None}, 'messagesBehind': 0}, {'inherit': 'ConsumerGroupDTO', 'groupId': 'huaweiGroupDEV', 'members': 10, 'topics': 1, 'simple': False, 'partitionAssignor': 'range', 'state': 'STABLE', 'coordinator': {'id': 1, 'host': 'kafka-1', 'port': 9092, 'bytesInPerSec': None, 'bytesOutPerSec': None, 'partitionsLeader': None, 'partitions': None, 'inSyncPartitions': None, 'partitionsSkew': None, 'leadersSkew': None}, 'messagesBehind': 0}, {'inherit': 'ConsumerGroupDTO', 'groupId': 'vno_hw_cosumer', 'members': 1, 'topics': 1, 'simple': False, 'partitionAssignor': 'range', 'state': 'STABLE', 'coordinator': {'id': 1, 'host': 'kafka-1', 'port': 9092, 'bytesInPerSec': None, 'bytesOutPerSec': None, 'partitionsLeader': None, 'partitions': None, 'inSyncPartitions': None, 'partitionsSkew': None, 'leadersSkew': None}, 'messagesBehind': 0}, {'inherit': 'ConsumerGroupDTO', 'groupId': 'vno_zte_cosumer', 'members': 1, 'topics': 1, 'simple': False, 'partitionAssignor': 'range', 'state': 'STABLE', 'coordinator': {'id': 3, 'host': 'kafka-3', 'port': 9092, 'bytesInPerSec': None, 'bytesOutPerSec': None, 'partitionsLeader': None, 'partitions': None, 'inSyncPartitions': None, 'partitionsSkew': None, 'leadersSkew': None}, 'messagesBehind': 0}, {'inherit': 'ConsumerGroupDTO', 'groupId': 'zteGroup', 'members': 10, 'topics': 1, 'simple': False, 'partitionAssignor': 'range', 'state': 'STABLE', 'coordinator': {'id': 3, 'host': 'kafka-3', 'port': 9092, 'bytesInPerSec': None, 'bytesOutPerSec': None, 'partitionsLeader': None, 'partitions': None, 'inSyncPartitions': None, 'partitionsSkew': None, 'leadersSkew': None}, 'messagesBehind': 0}, {'inherit': 'ConsumerGroupDTO', 'groupId': 'zteGroupDEV', 'members': 10, 'topics': 1, 'simple': False, 'partitionAssignor': 'range', 'state': 'STABLE', 'coordinator': {'id': 3, 'host': 'kafka-3', 'port': 9092, 'bytesInPerSec': None, 'bytesOutPerSec': None, 'partitionsLeader': None, 'partitions': None, 'inSyncPartitions': None, 'partitionsSkew': None, 'leadersSkew': None}, 'messagesBehind': 0}]
2023-11-07 16:36:02,757 - INFO - [{'inherit': 'ConsumerGroupDTO', 'groupId': 'huaweiGroup', 'members': 10, 'topics': 1, 'simple': False, 'partitionAssignor': 'range', 'state': 'STABLE', 'coordinator': {'id': 1, 'host': 'kafka-1', 'port': 9092, 'bytesInPerSec': None, 'bytesOutPerSec': None, 'partitionsLeader': None, 'partitions': None, 'inSyncPartitions': None, 'partitionsSkew': None, 'leadersSkew': None}, 'messagesBehind': 0}, {'inherit': 'ConsumerGroupDTO', 'groupId': 'huaweiGroupDEV', 'members': 10, 'topics': 1, 'simple': False, 'partitionAssignor': 'range', 'state': 'STABLE', 'coordinator': {'id': 1, 'host': 'kafka-1', 'port': 9092, 'bytesInPerSec': None, 'bytesOutPerSec': None, 'partitionsLeader': None, 'partitions': None, 'inSyncPartitions': None, 'partitionsSkew': None, 'leadersSkew': None}, 'messagesBehind': 0}, {'inherit': 'ConsumerGroupDTO', 'groupId': 'vno_hw_cosumer', 'members': 1, 'topics': 1, 'simple': False, 'partitionAssignor': 'range', 'state': 'STABLE', 'coordinator': {'id': 1, 'host': 'kafka-1', 'port': 9092, 'bytesInPerSec': None, 'bytesOutPerSec': None, 'partitionsLeader': None, 'partitions': None, 'inSyncPartitions': None, 'partitionsSkew': None, 'leadersSkew': None}, 'messagesBehind': 0}, {'inherit': 'ConsumerGroupDTO', 'groupId': 'vno_zte_cosumer', 'members': 1, 'topics': 1, 'simple': False, 'partitionAssignor': 'range', 'state': 'STABLE', 'coordinator': {'id': 3, 'host': 'kafka-3', 'port': 9092, 'bytesInPerSec': None, 'bytesOutPerSec': None, 'partitionsLeader': None, 'partitions': None, 'inSyncPartitions': None, 'partitionsSkew': None, 'leadersSkew': None}, 'messagesBehind': 0}, {'inherit': 'ConsumerGroupDTO', 'groupId': 'zteGroup', 'members': 10, 'topics': 1, 'simple': False, 'partitionAssignor': 'range', 'state': 'STABLE', 'coordinator': {'id': 3, 'host': 'kafka-3', 'port': 9092, 'bytesInPerSec': None, 'bytesOutPerSec': None, 'partitionsLeader': None, 'partitions': None, 'inSyncPartitions': None, 'partitionsSkew': None, 'leadersSkew': None}, 'messagesBehind': 0}, {'inherit': 'ConsumerGroupDTO', 'groupId': 'zteGroupDEV', 'members': 10, 'topics': 1, 'simple': False, 'partitionAssignor': 'range', 'state': 'STABLE', 'coordinator': {'id': 3, 'host': 'kafka-3', 'port': 9092, 'bytesInPerSec': None, 'bytesOutPerSec': None, 'partitionsLeader': None, 'partitions': None, 'inSyncPartitions': None, 'partitionsSkew': None, 'leadersSkew': None}, 'messagesBehind': 0}]
